mode: set
github.com/read-books/goprogramming/CH7/code/eval/check.go:10.45,13.2 2 1
github.com/read-books/goprogramming/CH7/code/eval/check.go:15.47,17.2 1 1
github.com/read-books/goprogramming/CH7/code/eval/check.go:19.47,20.39 1 1
github.com/read-books/goprogramming/CH7/code/eval/check.go:23.2,23.24 1 1
github.com/read-books/goprogramming/CH7/code/eval/check.go:20.39,22.3 1 0
github.com/read-books/goprogramming/CH7/code/eval/check.go:26.48,27.41 1 1
github.com/read-books/goprogramming/CH7/code/eval/check.go:30.2,30.40 1 1
github.com/read-books/goprogramming/CH7/code/eval/check.go:33.2,33.24 1 1
github.com/read-books/goprogramming/CH7/code/eval/check.go:27.41,29.3 1 0
github.com/read-books/goprogramming/CH7/code/eval/check.go:30.40,32.3 1 0
github.com/read-books/goprogramming/CH7/code/eval/check.go:36.46,38.9 2 1
github.com/read-books/goprogramming/CH7/code/eval/check.go:41.2,41.26 1 1
github.com/read-books/goprogramming/CH7/code/eval/check.go:45.2,45.29 1 1
github.com/read-books/goprogramming/CH7/code/eval/check.go:50.2,50.12 1 1
github.com/read-books/goprogramming/CH7/code/eval/check.go:38.9,40.3 1 1
github.com/read-books/goprogramming/CH7/code/eval/check.go:41.26,44.3 1 1
github.com/read-books/goprogramming/CH7/code/eval/check.go:45.29,46.41 1 1
github.com/read-books/goprogramming/CH7/code/eval/check.go:46.41,48.4 1 0
github.com/read-books/goprogramming/CH7/code/eval/eval.go:10.36,12.2 1 1
github.com/read-books/goprogramming/CH7/code/eval/eval.go:14.38,16.2 1 1
github.com/read-books/goprogramming/CH7/code/eval/eval.go:18.38,19.14 1 1
github.com/read-books/goprogramming/CH7/code/eval/eval.go:25.2,25.60 1 0
github.com/read-books/goprogramming/CH7/code/eval/eval.go:20.11,21.24 1 0
github.com/read-books/goprogramming/CH7/code/eval/eval.go:22.11,23.24 1 1
github.com/read-books/goprogramming/CH7/code/eval/eval.go:28.39,29.14 1 1
github.com/read-books/goprogramming/CH7/code/eval/eval.go:39.2,39.61 1 0
github.com/read-books/goprogramming/CH7/code/eval/eval.go:30.11,31.39 1 1
github.com/read-books/goprogramming/CH7/code/eval/eval.go:32.11,33.39 1 1
github.com/read-books/goprogramming/CH7/code/eval/eval.go:34.11,35.39 1 1
github.com/read-books/goprogramming/CH7/code/eval/eval.go:36.11,37.39 1 1
github.com/read-books/goprogramming/CH7/code/eval/eval.go:42.37,43.14 1 1
github.com/read-books/goprogramming/CH7/code/eval/eval.go:51.2,51.59 1 0
github.com/read-books/goprogramming/CH7/code/eval/eval.go:44.13,45.60 1 1
github.com/read-books/goprogramming/CH7/code/eval/eval.go:46.13,47.39 1 0
github.com/read-books/goprogramming/CH7/code/eval/eval.go:48.14,49.40 1 1
github.com/read-books/goprogramming/CH7/code/eval/parse.go:18.33,18.64 1 1
github.com/read-books/goprogramming/CH7/code/eval/parse.go:19.33,19.64 1 1
github.com/read-books/goprogramming/CH7/code/eval/parse.go:24.37,25.19 1 1
github.com/read-books/goprogramming/CH7/code/eval/parse.go:33.2,33.43 1 1
github.com/read-books/goprogramming/CH7/code/eval/parse.go:26.19,27.23 1 0
github.com/read-books/goprogramming/CH7/code/eval/parse.go:28.21,29.50 1 0
github.com/read-books/goprogramming/CH7/code/eval/parse.go:30.34,31.46 1 0
github.com/read-books/goprogramming/CH7/code/eval/parse.go:36.30,37.12 1 1
github.com/read-books/goprogramming/CH7/code/eval/parse.go:43.2,43.10 1 1
github.com/read-books/goprogramming/CH7/code/eval/parse.go:38.16,39.11 1 1
github.com/read-books/goprogramming/CH7/code/eval/parse.go:40.16,41.11 1 1
github.com/read-books/goprogramming/CH7/code/eval/parse.go:56.46,57.15 1 1
github.com/read-books/goprogramming/CH7/code/eval/parse.go:68.2,73.30 6 1
github.com/read-books/goprogramming/CH7/code/eval/parse.go:76.2,76.15 1 1
github.com/read-books/goprogramming/CH7/code/eval/parse.go:57.15,58.32 1 1
github.com/read-books/goprogramming/CH7/code/eval/parse.go:59.12,59.12 0 1
github.com/read-books/goprogramming/CH7/code/eval/parse.go:61.17,62.29 1 1
github.com/read-books/goprogramming/CH7/code/eval/parse.go:63.11,65.12 1 0
github.com/read-books/goprogramming/CH7/code/eval/parse.go:73.30,75.3 1 1
github.com/read-books/goprogramming/CH7/code/eval/parse.go:79.33,79.63 1 1
github.com/read-books/goprogramming/CH7/code/eval/parse.go:84.46,86.59 2 1
github.com/read-books/goprogramming/CH7/code/eval/parse.go:94.2,94.12 1 1
github.com/read-books/goprogramming/CH7/code/eval/parse.go:86.59,87.37 1 1
github.com/read-books/goprogramming/CH7/code/eval/parse.go:87.37,92.4 4 1
github.com/read-books/goprogramming/CH7/code/eval/parse.go:98.34,99.42 1 1
github.com/read-books/goprogramming/CH7/code/eval/parse.go:104.2,104.26 1 1
github.com/read-books/goprogramming/CH7/code/eval/parse.go:99.42,103.3 3 1
github.com/read-books/goprogramming/CH7/code/eval/parse.go:111.36,112.19 1 1
github.com/read-books/goprogramming/CH7/code/eval/parse.go:155.2,156.22 2 1
github.com/read-books/goprogramming/CH7/code/eval/parse.go:113.21,116.23 3 1
github.com/read-books/goprogramming/CH7/code/eval/parse.go:119.3,121.23 3 1
github.com/read-books/goprogramming/CH7/code/eval/parse.go:134.3,135.24 2 1
github.com/read-books/goprogramming/CH7/code/eval/parse.go:137.34,139.17 2 1
github.com/read-books/goprogramming/CH7/code/eval/parse.go:142.3,143.20 2 1
github.com/read-books/goprogramming/CH7/code/eval/parse.go:145.11,148.23 3 1
github.com/read-books/goprogramming/CH7/code/eval/parse.go:152.3,153.11 2 1
github.com/read-books/goprogramming/CH7/code/eval/parse.go:116.23,118.4 1 1
github.com/read-books/goprogramming/CH7/code/eval/parse.go:121.23,122.8 1 1
github.com/read-books/goprogramming/CH7/code/eval/parse.go:129.4,129.24 1 1
github.com/read-books/goprogramming/CH7/code/eval/parse.go:122.8,124.25 2 1
github.com/read-books/goprogramming/CH7/code/eval/parse.go:127.5,127.15 1 1
github.com/read-books/goprogramming/CH7/code/eval/parse.go:124.25,125.11 1 1
github.com/read-books/goprogramming/CH7/code/eval/parse.go:129.24,131.25 2 0
github.com/read-books/goprogramming/CH7/code/eval/parse.go:139.17,140.32 1 0
github.com/read-books/goprogramming/CH7/code/eval/parse.go:148.23,150.24 2 0
github.com/read-books/goprogramming/CH7/code/eval/print.go:10.28,14.2 3 0
github.com/read-books/goprogramming/CH7/code/eval/print.go:16.39,17.23 1 0
github.com/read-books/goprogramming/CH7/code/eval/print.go:18.15,19.28 1 0
github.com/read-books/goprogramming/CH7/code/eval/print.go:21.11,22.28 1 0
github.com/read-books/goprogramming/CH7/code/eval/print.go:24.13,27.21 3 0
github.com/read-books/goprogramming/CH7/code/eval/print.go:29.14,34.21 5 0
github.com/read-books/goprogramming/CH7/code/eval/print.go:36.12,38.30 2 0
github.com/read-books/goprogramming/CH7/code/eval/print.go:44.3,44.21 1 0
github.com/read-books/goprogramming/CH7/code/eval/print.go:46.10,47.44 1 0
github.com/read-books/goprogramming/CH7/code/eval/print.go:38.30,39.13 1 0
github.com/read-books/goprogramming/CH7/code/eval/print.go:42.4,42.19 1 0
github.com/read-books/goprogramming/CH7/code/eval/print.go:39.13,41.5 1 0
